<?xml version="1.0" encoding="UTF-8"?>
<testng-results ignored="0" total="1" passed="1" failed="0" skipped="0">
  <reporter-output>
  </reporter-output>
  <suite started-at="2021-02-14T11:51:11 IST" name="Default suite" finished-at="2021-02-14T11:53:38 IST" duration-ms="146649">
    <groups>
    </groups>
    <test started-at="2021-02-14T11:51:11 IST" name="Default test" finished-at="2021-02-14T11:53:38 IST" duration-ms="146649">
      <class name="TestScripts.TC002RemoveFilter">
        <test-method is-config="true" signature="openBrowser()[pri:0, instance:TestScripts.TC002RemoveFilter@79924b]" started-at="2021-02-14T11:51:11 IST" name="openBrowser" finished-at="2021-02-14T11:51:18 IST" duration-ms="6786" status="PASS">
          <reporter-output>
          </reporter-output>
        </test-method> <!-- openBrowser -->
        <test-method signature="Test02()[pri:0, instance:TestScripts.TC002RemoveFilter@79924b]" started-at="2021-02-14T11:51:18 IST" name="Test02" finished-at="2021-02-14T11:53:34 IST" duration-ms="135610" status="PASS">
          <reporter-output>
          </reporter-output>
        </test-method> <!-- Test02 -->
        <test-method is-config="true" signature="closing()[pri:0, instance:TestScripts.TC002RemoveFilter@79924b]" started-at="2021-02-14T11:53:34 IST" name="closing" finished-at="2021-02-14T11:53:38 IST" duration-ms="4210" status="PASS">
          <reporter-output>
          </reporter-output>
        </test-method> <!-- closing -->
      </class> <!-- TestScripts.TC002RemoveFilter -->
    </test> <!-- Default test -->
  </suite> <!-- Default suite -->
</testng-results>
